<?xml version="1.0" encoding="UTF-8"?>
<!-- Generated by org.testng.reporters.JUnitReportReporter -->
<testsuite hostname="LAPTOP-VD99SRCL" failures="0" tests="2" name="com.PageObjectModel.Scripts.FlightTest" time="2.946" errors="0" timestamp="2023-06-21T21:02:07 IST" skipped="0">
  <testcase classname="com.PageObjectModel.Scripts.FlightTest" name="checkOnewayTripSelection" time="2.134"/>
  <testcase classname="com.PageObjectModel.Scripts.FlightTest" name="selectOneWay" time="0.812"/>
</testsuite> <!-- com.PageObjectModel.Scripts.FlightTest -->
