<?xml version="1.0" encoding="UTF-8"?>
<!-- Generated by org.testng.reporters.JUnitReportReporter -->
<testsuite hostname="LAPTOP-VD99SRCL" failures="0" tests="4" name="com.PageObjectModel.Scripts.LoginTest" time="11.547" errors="0" timestamp="2023-06-22T07:47:01 IST" skipped="0">
  <testcase classname="com.PageObjectModel.Scripts.LoginTest" name="verifySigninValidUserInvalidpass" time="1.830"/>
  <testcase classname="com.PageObjectModel.Scripts.LoginTest" name="verifySigninValidUserValidpass" time="4.230"/>
  <testcase classname="com.PageObjectModel.Scripts.LoginTest" name="verifySigninInvalidUserInvalidpass" time="2.487"/>
  <testcase classname="com.PageObjectModel.Scripts.LoginTest" name="verifySigninInvalidUserValidpass" time="3.000"/>
</testsuite> <!-- com.PageObjectModel.Scripts.LoginTest -->
